0 info it worked if it ends with ok
1 verbose cli [ '/Users/as/.anyenv/envs/ndenv/versions/v5.9.1/bin/node',
1 verbose cli   '/Users/as/.anyenv/envs/ndenv/versions/v5.9.1/bin/npm',
1 verbose cli   'run',
1 verbose cli   'watch' ]
2 info using npm@3.7.3
3 info using node@v5.9.1
4 verbose run-script [ 'prewatch', 'watch', 'postwatch' ]
5 info lifecycle metro_surround_web@0.0.0~prewatch: metro_surround_web@0.0.0
6 silly lifecycle metro_surround_web@0.0.0~prewatch: no script for prewatch, continuing
7 info lifecycle metro_surround_web@0.0.0~watch: metro_surround_web@0.0.0
8 verbose lifecycle metro_surround_web@0.0.0~watch: unsafe-perm in lifecycle true
9 verbose lifecycle metro_surround_web@0.0.0~watch: PATH: /Users/as/.anyenv/envs/ndenv/versions/v5.9.1/lib/node_modules/npm/bin/node-gyp-bin:/Users/as/data/mine/web/metro_surround_web/node_modules/.bin:/Users/as/.anyenv/envs/ndenv/versions/v5.9.1/bin:/Users/as/.anyenv/envs/ndenv/versions/v5.9.1/lib/node_modules/npm/bin/node-gyp-bin:/Users/as/data/mine/web/metro_surround_web/node_modules/.bin:/Users/as/.anyenv/envs/ndenv/versions/v5.9.1/bin:/Users/as/.anyenv/envs/ndenv/versions/v5.9.1/bin:/Users/as/.anyenv/envs/ndenv/libexec:/Users/as/.anyenv/envs/ndenv/plugins/node-build/bin:/Users/as/.local/bin:/Users/as/.cabal/bin:/Applications/ghc-7.10.3.app/Contents/bin:/Users/as/.anyenv/envs/phpenv/bin:/Users/as/.anyenv/envs/ndenv/bin:/Users/as/.anyenv/envs/phpenv/shims:/Users/as/.anyenv/envs/ndenv/shims:/Users/as/.anyenv/bin:/usr/local/bin:/usr/bin:/bin:/usr/sbin:/sbin
10 verbose lifecycle metro_surround_web@0.0.0~watch: CWD: /Users/as/data/mine/web/metro_surround_web
11 silly lifecycle metro_surround_web@0.0.0~watch: Args: [ '-c', 'webpack --progress --watch' ]
12 silly lifecycle metro_surround_web@0.0.0~watch: Returned: code: 1  signal: null
13 info lifecycle metro_surround_web@0.0.0~watch: Failed to exec watch script
14 verbose stack Error: metro_surround_web@0.0.0 watch: `webpack --progress --watch`
14 verbose stack Exit status 1
14 verbose stack     at EventEmitter.<anonymous> (/Users/as/.anyenv/envs/ndenv/versions/v5.9.1/lib/node_modules/npm/lib/utils/lifecycle.js:239:16)
14 verbose stack     at emitTwo (events.js:100:13)
14 verbose stack     at EventEmitter.emit (events.js:185:7)
14 verbose stack     at ChildProcess.<anonymous> (/Users/as/.anyenv/envs/ndenv/versions/v5.9.1/lib/node_modules/npm/lib/utils/spawn.js:24:14)
14 verbose stack     at emitTwo (events.js:100:13)
14 verbose stack     at ChildProcess.emit (events.js:185:7)
14 verbose stack     at maybeClose (internal/child_process.js:850:16)
14 verbose stack     at Process.ChildProcess._handle.onexit (internal/child_process.js:215:5)
15 verbose pkgid metro_surround_web@0.0.0
16 verbose cwd /Users/as/data/mine/web/metro_surround_web
17 error Darwin 15.4.0
18 error argv "/Users/as/.anyenv/envs/ndenv/versions/v5.9.1/bin/node" "/Users/as/.anyenv/envs/ndenv/versions/v5.9.1/bin/npm" "run" "watch"
19 error node v5.9.1
20 error npm  v3.7.3
21 error code ELIFECYCLE
22 error metro_surround_web@0.0.0 watch: `webpack --progress --watch`
22 error Exit status 1
23 error Failed at the metro_surround_web@0.0.0 watch script 'webpack --progress --watch'.
23 error Make sure you have the latest version of node.js and npm installed.
23 error If you do, this is most likely a problem with the metro_surround_web package,
23 error not with npm itself.
23 error Tell the author that this fails on your system:
23 error     webpack --progress --watch
23 error You can get information on how to open an issue for this project with:
23 error     npm bugs metro_surround_web
23 error Or if that isn't available, you can get their info via:
23 error     npm owner ls metro_surround_web
23 error There is likely additional logging output above.
24 verbose exit [ 1, true ]
